INFO  @ Sat, 03 Sep 2022 13:21:25: Parameters: /Users/smleighow/opt/anaconda3/envs/mageck-vispr/bin/mageck test -k GuideCountsCtrlTrt.txt -t osi_rep1,osi_rep2 -c DMSO_rep1,DMSO_rep2 -n RRAResult 
INFO  @ Sat, 03 Sep 2022 13:21:25: Welcome to MAGeCK v0.5.9.5. Command: test 
INFO  @ Sat, 03 Sep 2022 13:21:25: Loading count table from GuideCountsCtrlTrt.txt  
INFO  @ Sat, 03 Sep 2022 13:21:25: Processing 1 lines.. 
DEBUG @ Sat, 03 Sep 2022 13:21:25: Parsing error in line 1 (usually the header line). Skip this line. 
INFO  @ Sat, 03 Sep 2022 13:21:25: Loaded 77441 records. 
INFO  @ Sat, 03 Sep 2022 13:21:25: Loading Rnw template file: /Users/smleighow/opt/anaconda3/envs/mageck-vispr/lib/python3.9/site-packages/mageck/test_report.Rmd. 
DEBUG @ Sat, 03 Sep 2022 13:21:25: Setting up the visualization module... 
INFO  @ Sat, 03 Sep 2022 13:21:25: Loading R template file: /Users/smleighow/opt/anaconda3/envs/mageck-vispr/lib/python3.9/site-packages/mageck/plot_template.RTemplate. 
INFO  @ Sat, 03 Sep 2022 13:21:25: Loading R template file: /Users/smleighow/opt/anaconda3/envs/mageck-vispr/lib/python3.9/site-packages/mageck/plot_template_indvgene.RTemplate. 
INFO  @ Sat, 03 Sep 2022 13:21:25: Loading Rnw template file: /Users/smleighow/opt/anaconda3/envs/mageck-vispr/lib/python3.9/site-packages/mageck/plot_template.Rnw. 
DEBUG @ Sat, 03 Sep 2022 13:21:25: Setting up the visualization module... 
DEBUG @ Sat, 03 Sep 2022 13:21:25: Given sample labels: osi_rep1,osi_rep2 
DEBUG @ Sat, 03 Sep 2022 13:21:25: Converted index: 3 4 
INFO  @ Sat, 03 Sep 2022 13:21:25: Treatment samples:osi_rep1,osi_rep2 
INFO  @ Sat, 03 Sep 2022 13:21:25: Treatment sample index:3,4 
DEBUG @ Sat, 03 Sep 2022 13:21:25: Given sample labels: DMSO_rep1,DMSO_rep2 
DEBUG @ Sat, 03 Sep 2022 13:21:25: Converted index: 1 2 
INFO  @ Sat, 03 Sep 2022 13:21:25: Control samples:DMSO_rep1,DMSO_rep2 
INFO  @ Sat, 03 Sep 2022 13:21:25: Control sample index:1,2 
DEBUG @ Sat, 03 Sep 2022 13:21:25: Initial (total) size factor: 1.1587765084072208 1.0295880968770448 0.929768483146059 0.9172443301255108 
DEBUG @ Sat, 03 Sep 2022 13:21:25: Median factor: 1.0089601824755152 0.8902669203639135 1.0598038540152146 0.9636271756714239 
INFO  @ Sat, 03 Sep 2022 13:21:25: Final size factor: 1.0089601824755152 0.8902669203639135 1.0598038540152146 0.9636271756714239 
INFO  @ Sat, 03 Sep 2022 13:21:26: Detecting outliers from variance estimation.. Avg read count:[397.9478968576044], Var: [140130.36505309964] 
INFO  @ Sat, 03 Sep 2022 13:21:26: Skipping 282 sgRNAs from variance calculation because of their extreme high counts (> 4* STD (mean counts) ). 
DEBUG @ Sat, 03 Sep 2022 13:21:26: Adjusted model: 1.0560098327959504	3.820549104963129 
INFO  @ Sat, 03 Sep 2022 13:21:26: Before RRA, 226 sgRNAs are removed with zero counts in both group(s). 
INFO  @ Sat, 03 Sep 2022 13:21:26: Use qnorm to reversely calculate sgRNA scores ... 
DEBUG @ Sat, 03 Sep 2022 13:21:28: lower test FDR cutoff: 0.3919445703555009 
DEBUG @ Sat, 03 Sep 2022 13:21:28: higher test FDR cutoff: 0.44824192190636536 
INFO  @ Sat, 03 Sep 2022 13:21:28: Running command: RRA -i RRAResult.plow.txt -o RRAResult.gene.low.txt -p 0.3919445703555009 --skip-gene NA --skip-gene na  
INFO  @ Sat, 03 Sep 2022 13:21:34: Command message: 
INFO  @ Sat, 03 Sep 2022 13:21:34:   Welcome to RRA v 0.5.9. 
INFO  @ Sat, 03 Sep 2022 13:21:34:   Skipping gene NA for permutation ... 
INFO  @ Sat, 03 Sep 2022 13:21:34:   Skipping gene na for permutation ... 
INFO  @ Sat, 03 Sep 2022 13:21:34:   Reading input file... 
INFO  @ Sat, 03 Sep 2022 13:21:34:   Summary: 77215 sgRNAs, 19113 genes, 1 lists; skipped sgRNAs:0 
INFO  @ Sat, 03 Sep 2022 13:21:34:   Computing lo-values for each group... 
INFO  @ Sat, 03 Sep 2022 13:21:34:   Computing false discovery rate... 
INFO  @ Sat, 03 Sep 2022 13:21:34:   Permuting genes with 1 sgRNAs... 
INFO  @ Sat, 03 Sep 2022 13:21:34:   Permuting genes with 2 sgRNAs... 
INFO  @ Sat, 03 Sep 2022 13:21:34:   Permuting genes with 3 sgRNAs... 
INFO  @ Sat, 03 Sep 2022 13:21:34:   Permuting genes with 4 sgRNAs... 
INFO  @ Sat, 03 Sep 2022 13:21:34:   Permuting genes with 8 sgRNAs... 
INFO  @ Sat, 03 Sep 2022 13:21:34:   Number of genes under FDR adjustment: 19113 
INFO  @ Sat, 03 Sep 2022 13:21:34:   Saving to output file... 
INFO  @ Sat, 03 Sep 2022 13:21:34:   RRA completed. 
INFO  @ Sat, 03 Sep 2022 13:21:34:   Groups deletion complete. 
INFO  @ Sat, 03 Sep 2022 13:21:34:   Lists deletion complete. 
INFO  @ Sat, 03 Sep 2022 13:21:34:    
INFO  @ Sat, 03 Sep 2022 13:21:34: End command message. 
INFO  @ Sat, 03 Sep 2022 13:21:34: Running command: RRA -i RRAResult.phigh.txt -o RRAResult.gene.high.txt -p 0.44824192190636536 --skip-gene NA --skip-gene na  
INFO  @ Sat, 03 Sep 2022 13:21:38: Command message: 
INFO  @ Sat, 03 Sep 2022 13:21:38:   Welcome to RRA v 0.5.9. 
INFO  @ Sat, 03 Sep 2022 13:21:38:   Skipping gene NA for permutation ... 
INFO  @ Sat, 03 Sep 2022 13:21:38:   Skipping gene na for permutation ... 
INFO  @ Sat, 03 Sep 2022 13:21:38:   Reading input file... 
INFO  @ Sat, 03 Sep 2022 13:21:38:   Summary: 77215 sgRNAs, 19113 genes, 1 lists; skipped sgRNAs:0 
INFO  @ Sat, 03 Sep 2022 13:21:38:   Computing lo-values for each group... 
INFO  @ Sat, 03 Sep 2022 13:21:38:   Computing false discovery rate... 
INFO  @ Sat, 03 Sep 2022 13:21:38:   Permuting genes with 1 sgRNAs... 
INFO  @ Sat, 03 Sep 2022 13:21:38:   Permuting genes with 2 sgRNAs... 
INFO  @ Sat, 03 Sep 2022 13:21:38:   Permuting genes with 3 sgRNAs... 
INFO  @ Sat, 03 Sep 2022 13:21:38:   Permuting genes with 4 sgRNAs... 
INFO  @ Sat, 03 Sep 2022 13:21:38:   Permuting genes with 8 sgRNAs... 
INFO  @ Sat, 03 Sep 2022 13:21:38:   Number of genes under FDR adjustment: 19113 
INFO  @ Sat, 03 Sep 2022 13:21:38:   Saving to output file... 
INFO  @ Sat, 03 Sep 2022 13:21:38:   RRA completed. 
INFO  @ Sat, 03 Sep 2022 13:21:38:   Groups deletion complete. 
INFO  @ Sat, 03 Sep 2022 13:21:38:   Lists deletion complete. 
INFO  @ Sat, 03 Sep 2022 13:21:38:    
INFO  @ Sat, 03 Sep 2022 13:21:38: End command message. 
DEBUG @ Sat, 03 Sep 2022 13:21:38: Sorting the merged items by negative selection... 
INFO  @ Sat, 03 Sep 2022 13:21:38: Loading top 10 genes from RRAResult.gene.low.txt: NUDCD2,RCE1,TNNT1,CBFB,CDC42EP2,PCGF5,LASP1,CORIN,SLC35B2,TRIO 
DEBUG @ Sat, 03 Sep 2022 13:21:38: Column index:3 
INFO  @ Sat, 03 Sep 2022 13:21:38: Loading top 10 genes from RRAResult.gene.high.txt: NonTargeting,PTEN,KCTD5,KEAP1,PAWR,FURIN,ROCK2,NF1,CARM1,DAPK3 
DEBUG @ Sat, 03 Sep 2022 13:21:38: Column index:9 
INFO  @ Sat, 03 Sep 2022 13:21:39: Running command: rm RRAResult.plow.txt 
INFO  @ Sat, 03 Sep 2022 13:21:39: Running command: rm RRAResult.phigh.txt 
INFO  @ Sat, 03 Sep 2022 13:21:40: Running command: rm RRAResult.gene.low.txt 
INFO  @ Sat, 03 Sep 2022 13:21:40: Running command: rm RRAResult.gene.high.txt 
